<?xml version="1.0" encoding="UTF-8"?>
<!-- Generated by org.testng.reporters.JUnitXMLReporter -->
<testsuite ignored="0" hostname="IBM-36PV4D4" failures="0" tests="9" name="Default test" time="8.783" errors="0" timestamp="2025-12-30T17:58:52 IST">
  <testcase classname="com.ibm.test.SelfTestingWithSeleniumAndTestNG" name="InvalidLoginCredential" time="0.009"/>
  <testcase classname="com.ibm.test.SelfTestingWithSeleniumAndTestNG" name="InvalidSignUp" time="0.001"/>
  <testcase classname="com.ibm.test.SelfTestingWithSeleniumAndTestNG" name="ValidLoginCredential" time="0.001"/>
  <testcase classname="com.ibm.test.SelfTestingWithSeleniumAndTestNG" name="ValidSignUp" time="2.465"/>
  <testcase classname="com.ibm.test.SelfTestingWithSeleniumAndTestNG" name="ValidSignUp" time="1.825"/>
  <testcase classname="com.ibm.test.SelfTestingWithSeleniumAndTestNG" name="ValidSignUp" time="1.859"/>
  <testcase classname="com.ibm.test.SelfTestingWithSeleniumAndTestNG" name="ValidSignUp" time="2.563"/>
  <testcase classname="com.ibm.test.SelfTestingWithSeleniumAndTestNG" name="gotoCart" time="0.0"/>
  <testcase classname="com.ibm.test.SelfTestingWithSeleniumAndTestNG" name="gotoCatagories" time="0.009"/>
</testsuite> <!-- Default test -->
