<?xml version="1.0" encoding="UTF-8"?>
<!-- Generated by org.testng.reporters.JUnitXMLReporter -->
<testsuite ignored="0" hostname="IBM-36PV4D4" failures="0" tests="15" name="Test" time="24.501" errors="0" timestamp="2026-01-09T14:56:52 IST">
  <testcase classname="com.ibm.test.SelfTestingWithSeleniumAndTestNG" name="SignupTest" time="3.689"/>
  <testcase classname="com.ibm.test.SelfTestingWithSeleniumAndTestNG" name="SignupTest" time="2.744"/>
  <testcase classname="com.ibm.test.SelfTestingWithSeleniumAndTestNG" name="SignupTest" time="3.315"/>
  <testcase classname="com.ibm.test.SelfTestingWithSeleniumAndTestNG" name="SignupTest" time="2.963"/>
  <testcase classname="com.ibm.test.LoginTest" name="verifyRegistration" time="0.011"/>
  <testcase classname="com.ibm.test.TransferFundTest" name="verifyFundsWithEnoughFunds" time="0.007"/>
  <testcase classname="com.ibm.test.SelfTestingWithSeleniumAndTestNG" name="LoginCredential" time="1.458"/>
  <testcase classname="com.ibm.test.LoginTest" name="verifyLoginWithValidCredential" time="0.003"/>
  <testcase classname="com.ibm.test.TransferFundTest" name="VerifyFundsTransferWithNotEnoughFunds" time="0.003"/>
  <testcase classname="com.ibm.test.SelfTestingWithSeleniumAndTestNG" name="gotoCatagories" time="5.252"/>
  <testcase classname="com.ibm.test.LoginTest" name="verifyLoginWithValidUsernameAndInvalidPassword" time="0.005"/>
  <testcase classname="com.ibm.test.SelfTestingWithSeleniumAndTestNG" name="gotoCart" time="0.919"/>
  <testcase classname="com.ibm.test.LoginTest" name="verifyLoginWithInValidUsernameAndValidPassword" time="0.003"/>
  <testcase classname="com.ibm.test.SelfTestingWithSeleniumAndTestNG" name="addOtherItems" time="3.858"/>
  <testcase classname="com.ibm.test.SelfTestingWithSeleniumAndTestNG" name="checkCart" time="0.072"/>
</testsuite> <!-- Test -->
