<?xml version="1.0" encoding="UTF-8"?>
<!-- Generated by org.testng.reporters.JUnitXMLReporter -->
<testsuite ignored="0" hostname="IBM-36PV4D4" failures="0" tests="6" name="Test" time="0.1" errors="0" timestamp="2025-12-29T10:41:30 IST">
  <testcase classname="com.ibm.test.LoginTest" name="verifyRegistration" time="0.02"/>
  <testcase classname="com.ibm.test.LoginTest" name="verifyLoginWithValidCredential" time="0.002"/>
  <testcase classname="com.ibm.test.LoginTest" name="verifyLoginWithInValidUsernameAndValidPassword" time="0.001"/>
  <testcase classname="com.ibm.test.LoginTest" name="verifyLoginWithValidUsernameAndInvalidPassword" time="0.001"/>
  <testcase classname="com.ibm.test.TransferFundTest" name="verifyFundsWithEnoughFunds" time="0.002"/>
  <testcase classname="com.ibm.test.TransferFundTest" name="VerifyFundsTransferWithNotEnoughFunds" time="0.002"/>
</testsuite> <!-- Test -->
