<?xml version="1.0" encoding="UTF-8"?>
<testng-results ignored="0" total="9" passed="9" failed="0" skipped="0">
  <reporter-output>
  </reporter-output>
  <suite started-at="2026-01-09T15:27:24 IST" name="Default suite" finished-at="2026-01-09T15:27:46 IST" duration-ms="22562">
    <groups>
    </groups>
    <test started-at="2026-01-09T15:27:24 IST" name="Default test" finished-at="2026-01-09T15:27:46 IST" duration-ms="22562">
      <class name="com.ibm.test.SelfTestingWithSeleniumAndTestNG">
        <test-method is-config="true" signature="setup()[pri:0, instance:com.ibm.test.SelfTestingWithSeleniumAndTestNG@233795b6]" started-at="2026-01-09T15:27:14 IST" name="setup" finished-at="2026-01-09T15:27:24 IST" duration-ms="9685" status="PASS">
          <reporter-output>
          </reporter-output>
        </test-method> <!-- setup -->
        <test-method signature="SignupTest(java.lang.String,java.lang.String)[pri:0, instance:com.ibm.test.SelfTestingWithSeleniumAndTestNG@233795b6]" started-at="2026-01-09T15:27:24 IST" name="SignupTest" data-provider="SignupData" finished-at="2026-01-09T15:27:27 IST" duration-ms="2888" status="PASS">
          <params>
            <param index="0">
              <value>
                <![CDATA[Gur]]>
              </value>
            </param>
            <param index="1">
              <value>
                <![CDATA[gur]]>
              </value>
            </param>
          </params>
          <reporter-output>
          </reporter-output>
        </test-method> <!-- SignupTest -->
        <test-method signature="SignupTest(java.lang.String,java.lang.String)[pri:0, instance:com.ibm.test.SelfTestingWithSeleniumAndTestNG@233795b6]" started-at="2026-01-09T15:27:27 IST" name="SignupTest" data-provider="SignupData" finished-at="2026-01-09T15:27:30 IST" duration-ms="2721" status="PASS">
          <params>
            <param index="0">
              <value>
                <![CDATA[aa]]>
              </value>
            </param>
            <param index="1">
              <value>
                <![CDATA[aaa]]>
              </value>
            </param>
          </params>
          <reporter-output>
          </reporter-output>
        </test-method> <!-- SignupTest -->
        <test-method signature="SignupTest(java.lang.String,java.lang.String)[pri:0, instance:com.ibm.test.SelfTestingWithSeleniumAndTestNG@233795b6]" started-at="2026-01-09T15:27:30 IST" name="SignupTest" data-provider="SignupData" finished-at="2026-01-09T15:27:33 IST" duration-ms="3575" status="PASS">
          <params>
            <param index="0">
              <value>
                <![CDATA[gur]]>
              </value>
            </param>
            <param index="1">
              <value>
                <![CDATA[Gur]]>
              </value>
            </param>
          </params>
          <reporter-output>
          </reporter-output>
        </test-method> <!-- SignupTest -->
        <test-method signature="SignupTest(java.lang.String,java.lang.String)[pri:0, instance:com.ibm.test.SelfTestingWithSeleniumAndTestNG@233795b6]" started-at="2026-01-09T15:27:33 IST" name="SignupTest" data-provider="SignupData" finished-at="2026-01-09T15:27:36 IST" duration-ms="2595" status="PASS">
          <params>
            <param index="0">
              <value>
                <![CDATA[Preet]]>
              </value>
            </param>
            <param index="1">
              <value>
                <![CDATA[123]]>
              </value>
            </param>
          </params>
          <reporter-output>
          </reporter-output>
        </test-method> <!-- SignupTest -->
        <test-method signature="LoginCredential()[pri:0, instance:com.ibm.test.SelfTestingWithSeleniumAndTestNG@233795b6]" started-at="2026-01-09T15:27:36 IST" name="LoginCredential" finished-at="2026-01-09T15:27:37 IST" depends-on-methods="com.ibm.test.SelfTestingWithSeleniumAndTestNG.SignupTest" duration-ms="1453" status="PASS">
          <reporter-output>
          </reporter-output>
        </test-method> <!-- LoginCredential -->
        <test-method signature="gotoCatagories()[pri:0, instance:com.ibm.test.SelfTestingWithSeleniumAndTestNG@233795b6]" started-at="2026-01-09T15:27:37 IST" name="gotoCatagories" finished-at="2026-01-09T15:27:42 IST" depends-on-methods="com.ibm.test.SelfTestingWithSeleniumAndTestNG.LoginCredential" duration-ms="4314" status="PASS">
          <reporter-output>
          </reporter-output>
        </test-method> <!-- gotoCatagories -->
        <test-method signature="gotoCart()[pri:0, instance:com.ibm.test.SelfTestingWithSeleniumAndTestNG@233795b6]" started-at="2026-01-09T15:27:42 IST" name="gotoCart" finished-at="2026-01-09T15:27:43 IST" depends-on-methods="com.ibm.test.SelfTestingWithSeleniumAndTestNG.gotoCatagories" duration-ms="1037" status="PASS">
          <reporter-output>
          </reporter-output>
        </test-method> <!-- gotoCart -->
        <test-method signature="addOtherItems()[pri:0, instance:com.ibm.test.SelfTestingWithSeleniumAndTestNG@233795b6]" started-at="2026-01-09T15:27:43 IST" name="addOtherItems" finished-at="2026-01-09T15:27:46 IST" depends-on-methods="com.ibm.test.SelfTestingWithSeleniumAndTestNG.gotoCart" duration-ms="3761" status="PASS">
          <reporter-output>
          </reporter-output>
        </test-method> <!-- addOtherItems -->
        <test-method signature="checkCart()[pri:0, instance:com.ibm.test.SelfTestingWithSeleniumAndTestNG@233795b6]" started-at="2026-01-09T15:27:46 IST" name="checkCart" finished-at="2026-01-09T15:27:46 IST" depends-on-methods="com.ibm.test.SelfTestingWithSeleniumAndTestNG.addOtherItems" duration-ms="99" status="PASS">
          <reporter-output>
          </reporter-output>
        </test-method> <!-- checkCart -->
        <test-method is-config="true" signature="tearDown()[pri:0, instance:com.ibm.test.SelfTestingWithSeleniumAndTestNG@233795b6]" started-at="2026-01-09T15:27:47 IST" name="tearDown" finished-at="2026-01-09T15:27:47 IST" duration-ms="559" status="PASS">
          <reporter-output>
          </reporter-output>
        </test-method> <!-- tearDown -->
      </class> <!-- com.ibm.test.SelfTestingWithSeleniumAndTestNG -->
    </test> <!-- Default test -->
  </suite> <!-- Default suite -->
</testng-results>
