<?xml version="1.0" encoding="UTF-8"?>
<testng-results ignored="0" total="9" passed="9" failed="0" skipped="0">
  <reporter-output>
  </reporter-output>
  <suite started-at="2025-12-30T17:58:43 IST" name="Default suite" finished-at="2025-12-30T17:58:52 IST" duration-ms="8783">
    <groups>
    </groups>
    <test started-at="2025-12-30T17:58:43 IST" name="Default test" finished-at="2025-12-30T17:58:52 IST" duration-ms="8783">
      <class name="com.ibm.test.SelfTestingWithSeleniumAndTestNG">
        <test-method is-config="true" signature="setup()[pri:0, instance:com.ibm.test.SelfTestingWithSeleniumAndTestNG@77c2494c]" started-at="2025-12-30T17:58:41 IST" name="setup" finished-at="2025-12-30T17:58:43 IST" duration-ms="2487" status="PASS">
          <reporter-output>
          </reporter-output>
        </test-method> <!-- setup -->
        <test-method signature="InvalidLoginCredential()[pri:0, instance:com.ibm.test.SelfTestingWithSeleniumAndTestNG@77c2494c]" started-at="2025-12-30T17:58:43 IST" name="InvalidLoginCredential" finished-at="2025-12-30T17:58:43 IST" duration-ms="9" status="PASS">
          <reporter-output>
          </reporter-output>
        </test-method> <!-- InvalidLoginCredential -->
        <test-method signature="InvalidSignUp()[pri:0, instance:com.ibm.test.SelfTestingWithSeleniumAndTestNG@77c2494c]" started-at="2025-12-30T17:58:43 IST" name="InvalidSignUp" finished-at="2025-12-30T17:58:43 IST" duration-ms="1" status="PASS">
          <reporter-output>
          </reporter-output>
        </test-method> <!-- InvalidSignUp -->
        <test-method signature="ValidLoginCredential()[pri:0, instance:com.ibm.test.SelfTestingWithSeleniumAndTestNG@77c2494c]" started-at="2025-12-30T17:58:43 IST" name="ValidLoginCredential" finished-at="2025-12-30T17:58:43 IST" duration-ms="1" status="PASS">
          <reporter-output>
          </reporter-output>
        </test-method> <!-- ValidLoginCredential -->
        <test-method signature="ValidSignUp(java.lang.String,java.lang.String)[pri:0, instance:com.ibm.test.SelfTestingWithSeleniumAndTestNG@77c2494c]" started-at="2025-12-30T17:58:43 IST" name="ValidSignUp" data-provider="SignupData" finished-at="2025-12-30T17:58:46 IST" duration-ms="2465" status="PASS">
          <params>
            <param index="0">
              <value>
                <![CDATA[Gur]]>
              </value>
            </param>
            <param index="1">
              <value>
                <![CDATA[gur]]>
              </value>
            </param>
          </params>
          <reporter-output>
          </reporter-output>
        </test-method> <!-- ValidSignUp -->
        <test-method signature="ValidSignUp(java.lang.String,java.lang.String)[pri:0, instance:com.ibm.test.SelfTestingWithSeleniumAndTestNG@77c2494c]" started-at="2025-12-30T17:58:46 IST" name="ValidSignUp" data-provider="SignupData" finished-at="2025-12-30T17:58:48 IST" duration-ms="1825" status="PASS">
          <params>
            <param index="0">
              <value>
                <![CDATA[aa]]>
              </value>
            </param>
            <param index="1">
              <value>
                <![CDATA[aaa]]>
              </value>
            </param>
          </params>
          <reporter-output>
          </reporter-output>
        </test-method> <!-- ValidSignUp -->
        <test-method signature="ValidSignUp(java.lang.String,java.lang.String)[pri:0, instance:com.ibm.test.SelfTestingWithSeleniumAndTestNG@77c2494c]" started-at="2025-12-30T17:58:48 IST" name="ValidSignUp" data-provider="SignupData" finished-at="2025-12-30T17:58:50 IST" duration-ms="1859" status="PASS">
          <params>
            <param index="0">
              <value>
                <![CDATA[gur]]>
              </value>
            </param>
            <param index="1">
              <value>
                <![CDATA[Gur]]>
              </value>
            </param>
          </params>
          <reporter-output>
          </reporter-output>
        </test-method> <!-- ValidSignUp -->
        <test-method signature="ValidSignUp(java.lang.String,java.lang.String)[pri:0, instance:com.ibm.test.SelfTestingWithSeleniumAndTestNG@77c2494c]" started-at="2025-12-30T17:58:50 IST" name="ValidSignUp" data-provider="SignupData" finished-at="2025-12-30T17:58:52 IST" duration-ms="2563" status="PASS">
          <params>
            <param index="0">
              <value>
                <![CDATA[Preet]]>
              </value>
            </param>
            <param index="1">
              <value>
                <![CDATA[123]]>
              </value>
            </param>
          </params>
          <reporter-output>
          </reporter-output>
        </test-method> <!-- ValidSignUp -->
        <test-method signature="gotoCart()[pri:0, instance:com.ibm.test.SelfTestingWithSeleniumAndTestNG@77c2494c]" started-at="2025-12-30T17:58:52 IST" name="gotoCart" finished-at="2025-12-30T17:58:52 IST" duration-ms="0" status="PASS">
          <reporter-output>
          </reporter-output>
        </test-method> <!-- gotoCart -->
        <test-method signature="gotoCatagories()[pri:0, instance:com.ibm.test.SelfTestingWithSeleniumAndTestNG@77c2494c]" started-at="2025-12-30T17:58:52 IST" name="gotoCatagories" finished-at="2025-12-30T17:58:52 IST" duration-ms="9" status="PASS">
          <reporter-output>
          </reporter-output>
        </test-method> <!-- gotoCatagories -->
        <test-method is-config="true" signature="tearDown()[pri:0, instance:com.ibm.test.SelfTestingWithSeleniumAndTestNG@77c2494c]" started-at="2025-12-30T17:58:52 IST" name="tearDown" finished-at="2025-12-30T17:58:53 IST" duration-ms="355" status="PASS">
          <reporter-output>
          </reporter-output>
        </test-method> <!-- tearDown -->
      </class> <!-- com.ibm.test.SelfTestingWithSeleniumAndTestNG -->
    </test> <!-- Default test -->
  </suite> <!-- Default suite -->
</testng-results>
