<?xml version="1.0" encoding="UTF-8"?>
<!-- Generated by org.testng.reporters.JUnitReportReporter -->
<testsuite hostname="IBM-36PV4D4" failures="0" tests="2" name="com.ibm.test.TransferFundTest" time="0.004" errors="0" timestamp="2025-12-29T10:41:30 IST" skipped="0">
  <testcase classname="com.ibm.test.TransferFundTest" name="VerifyFundsTransferWithNotEnoughFunds" time="0.002"/>
  <testcase classname="com.ibm.test.TransferFundTest" name="verifyFundsWithEnoughFunds" time="0.002"/>
</testsuite> <!-- com.ibm.test.TransferFundTest -->
