<?xml version="1.0" encoding="UTF-8"?>
<!-- Generated by org.testng.reporters.JUnitReportReporter -->
<testsuite hostname="IBM-36PV4D4" failures="0" tests="2" name="com.ibm.test.TransferFundTest" time="0.010" errors="0" timestamp="2026-01-09T14:56:53 IST" skipped="0">
  <testcase classname="com.ibm.test.TransferFundTest" name="VerifyFundsTransferWithNotEnoughFunds" time="0.003"/>
  <testcase classname="com.ibm.test.TransferFundTest" name="verifyFundsWithEnoughFunds" time="0.007"/>
</testsuite> <!-- com.ibm.test.TransferFundTest -->
