<?xml version="1.0" encoding="UTF-8"?>
<!-- Generated by org.testng.reporters.JUnitReportReporter -->
<testsuite hostname="IBM-36PV4D4" failures="0" tests="9" name="com.ibm.test.SelfTestingWithSeleniumAndTestNG" time="22.443" errors="0" timestamp="2026-01-09T15:27:47 IST" skipped="0">
  <testcase classname="com.ibm.test.SelfTestingWithSeleniumAndTestNG" name="LoginCredential" time="1.453"/>
  <testcase classname="com.ibm.test.SelfTestingWithSeleniumAndTestNG" name="SignupTest" time="2.888"/>
  <testcase classname="com.ibm.test.SelfTestingWithSeleniumAndTestNG" name="SignupTest" time="2.721"/>
  <testcase classname="com.ibm.test.SelfTestingWithSeleniumAndTestNG" name="SignupTest" time="2.595"/>
  <testcase classname="com.ibm.test.SelfTestingWithSeleniumAndTestNG" name="gotoCart" time="1.037"/>
  <testcase classname="com.ibm.test.SelfTestingWithSeleniumAndTestNG" name="checkCart" time="0.099"/>
  <testcase classname="com.ibm.test.SelfTestingWithSeleniumAndTestNG" name="gotoCatagories" time="4.314"/>
  <testcase classname="com.ibm.test.SelfTestingWithSeleniumAndTestNG" name="addOtherItems" time="3.761"/>
  <testcase classname="com.ibm.test.SelfTestingWithSeleniumAndTestNG" name="SignupTest" time="3.575"/>
</testsuite> <!-- com.ibm.test.SelfTestingWithSeleniumAndTestNG -->
