<?xml version="1.0" encoding="UTF-8"?>
<!-- Generated by org.testng.reporters.JUnitReportReporter -->
<testsuite hostname="IBM-36PV4D4" failures="0" tests="4" name="com.ibm.test.LoginTest" time="0.019" errors="0" timestamp="2025-12-29T12:21:54 IST" skipped="0">
  <testcase classname="com.ibm.test.LoginTest" name="verifyLoginWithInValidUsernameAndValidPassword" time="0.001"/>
  <testcase classname="com.ibm.test.LoginTest" name="verifyLoginWithValidCredential" time="0.001"/>
  <testcase classname="com.ibm.test.LoginTest" name="verifyRegistration" time="0.015"/>
  <testcase classname="com.ibm.test.LoginTest" name="verifyLoginWithValidUsernameAndInvalidPassword" time="0.002"/>
</testsuite> <!-- com.ibm.test.LoginTest -->
