<?xml version="1.0" encoding="UTF-8"?>
<!-- Generated by org.testng.reporters.JUnitReportReporter -->
<testsuite hostname="IBM-36PV4D4" failures="0" tests="4" name="com.ibm.test.LoginTest" time="0.022" errors="0" timestamp="2026-01-09T14:56:53 IST" skipped="0">
  <testcase classname="com.ibm.test.LoginTest" name="verifyLoginWithValidCredential" time="0.003"/>
  <testcase classname="com.ibm.test.LoginTest" name="verifyLoginWithInValidUsernameAndValidPassword" time="0.003"/>
  <testcase classname="com.ibm.test.LoginTest" name="verifyRegistration" time="0.011"/>
  <testcase classname="com.ibm.test.LoginTest" name="verifyLoginWithValidUsernameAndInvalidPassword" time="0.005"/>
</testsuite> <!-- com.ibm.test.LoginTest -->
